INFO: latexindent version 3.7.1, 2019-09-07, a script to indent .tex files
      latexindent lives here: /usr/share/texlive/texmf-dist/scripts/latexindent/
      Tue Apr 20 23:53:07 2021
      Filename: /home/ericlucero/Dropbox/00-academic/UMIP/Fisica/Fisica1/Beamer/contents/01/00-cifras-unidades.tex
INFO: Processing switches:
INFO: Directory for backup files and indent.log: /home/ericlucero/Dropbox/00-academic/UMIP/Fisica/Fisica1/Beamer/contents/01
INFO: YAML settings read: defaultSettings.yaml
      Reading defaultSettings.yaml from /usr/share/texlive/texmf-dist/scripts/latexindent/defaultSettings.yaml
INFO: YAML settings read: indentconfig.yaml or .indentconfig.yaml
      Home directory is /home/ericlucero (didn't find either indentconfig.yaml or .indentconfig.yaml)
      To specify user settings you would put indentconfig.yaml here: /home/ericlucero/indentconfig.yaml
      Alternatively, you can use the hidden file .indentconfig.yaml as: /home/ericlucero/.indentconfig.yaml
INFO: Phase 1: searching for objects
INFO: Phase 2: finding surrounding indentation
INFO: Phase 3: indenting objects
INFO: Phase 4: final indentation check
INFO: Output routine:
      Not outputting to file; see -w and -o switches for more options.
      --------------
INFO: Please direct all communication/issues to:
      https://github.com/cmhughes/latexindent.pl
